# JRE version: Java(TM) SE Runtime Environment (8.0_181-b13) (build 1.8.0_181-b13)
# Java VM: Java HotSpot(TM) 64-Bit Server VM (25.181-b13 mixed mode windows-amd64 compressed oops)
Heap:
 PSYoungGen      total 133120K, used 50569K [0x00000000eb200000, 0x00000000f3600000, 0x0000000100000000)
  eden space 131072K, 38% used [0x00000000eb200000,0x00000000ee3624e0,0x00000000f3200000)
  from space 2048K, 0% used [0x00000000f3400000,0x00000000f3400000,0x00000000f3600000)
  to   space 2048K, 0% used [0x00000000f3200000,0x00000000f3200000,0x00000000f3400000)
 ParOldGen       total 294400K, used 254878K [0x00000000c1600000, 0x00000000d3580000, 0x00000000eb200000)
  object space 294400K, 86% used [0x00000000c1600000,0x00000000d0ee7be8,0x00000000d3580000)
 Metaspace       used 11286K, capacity 11490K, committed 11648K, reserved 1058816K
  class space    used 1286K, capacity 1353K, committed 1408K, reserved 1048576K
GC Heap History (10 events):
Event: 48.558 GC heap before
{Heap before GC invocations=133 (full 64):
 PSYoungGen      total 133120K, used 131072K [0x00000000eb200000, 0x00000000f3600000, 0x0000000100000000)
  eden space 131072K, 100% used [0x00000000eb200000,0x00000000f3200000,0x00000000f3200000)
  from space 2048K, 0% used [0x00000000f3400000,0x00000000f3400000,0x00000000f3600000)
  to   space 2048K, 4% used [0x00000000f3200000,0x00000000f3218000,0x00000000f3400000)
 ParOldGen       total 172032K, used 132610K [0x00000000c1600000, 0x00000000cbe00000, 0x00000000eb200000)
  object space 172032K, 77% used [0x00000000c1600000,0x00000000c9780bf8,0x00000000cbe00000)
 Metaspace       used 11286K, capacity 11490K, committed 11648K, reserved 1058816K
  class space    used 1286K, capacity 1353K, committed 1408K, reserved 1048576K
Event: 48.573 GC heap after
Heap after GC invocations=133 (full 64):
 PSYoungGen      total 133120K, used 122267K [0x00000000eb200000, 0x00000000f3600000, 0x0000000100000000)
  eden space 131072K, 93% used [0x00000000eb200000,0x00000000f2966ff0,0x00000000f3200000)
  from space 2048K, 0% used [0x00000000f3400000,0x00000000f3400000,0x00000000f3600000)
  to   space 2048K, 0% used [0x00000000f3200000,0x00000000f3200000,0x00000000f3400000)
 ParOldGen       total 172032K, used 132610K [0x00000000c1600000, 0x00000000cbe00000, 0x00000000eb200000)
  object space 172032K, 77% used [0x00000000c1600000,0x00000000c9780bf8,0x00000000cbe00000)
 Metaspace       used 11286K, capacity 11490K, committed 11648K, reserved 1058816K
  class space    used 1286K, capacity 1353K, committed 1408K, reserved 1048576K
}
Event: 49.591 GC heap before
{Heap before GC invocations=134 (full 64):
 PSYoungGen      total 133120K, used 131072K [0x00000000eb200000, 0x00000000f3600000, 0x0000000100000000)
  eden space 131072K, 100% used [0x00000000eb200000,0x00000000f3200000,0x00000000f3200000)
  from space 2048K, 0% used [0x00000000f3400000,0x00000000f3400000,0x00000000f3600000)
  to   space 2048K, 0% used [0x00000000f3200000,0x00000000f3200000,0x00000000f3400000)
 ParOldGen       total 172032K, used 132610K [0x00000000c1600000, 0x00000000cbe00000, 0x00000000eb200000)
  object space 172032K, 77% used [0x00000000c1600000,0x00000000c9780bf8,0x00000000cbe00000)
 Metaspace       used 11286K, capacity 11490K, committed 11648K, reserved 1058816K
  class space    used 1286K, capacity 1353K, committed 1408K, reserved 1048576K
Event: 49.593 GC heap after
Heap after GC invocations=134 (full 64):
 PSYoungGen      total 133120K, used 131072K [0x00000000eb200000, 0x00000000f3600000, 0x0000000100000000)
  eden space 131072K, 100% used [0x00000000eb200000,0x00000000f3200000,0x00000000f3200000)
  from space 2048K, 0% used [0x00000000f3400000,0x00000000f3400000,0x00000000f3600000)
  to   space 2048K, 4% used [0x00000000f3200000,0x00000000f3218000,0x00000000f3400000)
 ParOldGen       total 172032K, used 132618K [0x00000000c1600000, 0x00000000cbe00000, 0x00000000eb200000)
  object space 172032K, 77% used [0x00000000c1600000,0x00000000c9782bf8,0x00000000cbe00000)
 Metaspace       used 11286K, capacity 11490K, committed 11648K, reserved 1058816K
  class space    used 1286K, capacity 1353K, committed 1408K, reserved 1048576K
}
Event: 49.593 GC heap before
{Heap before GC invocations=135 (full 65):
 PSYoungGen      total 133120K, used 131072K [0x00000000eb200000, 0x00000000f3600000, 0x0000000100000000)
  eden space 131072K, 100% used [0x00000000eb200000,0x00000000f3200000,0x00000000f3200000)
  from space 2048K, 0% used [0x00000000f3400000,0x00000000f3400000,0x00000000f3600000)
  to   space 2048K, 4% used [0x00000000f3200000,0x00000000f3218000,0x00000000f3400000)
 ParOldGen       total 172032K, used 132618K [0x00000000c1600000, 0x00000000cbe00000, 0x00000000eb200000)
  object space 172032K, 77% used [0x00000000c1600000,0x00000000c9782bf8,0x00000000cbe00000)
 Metaspace       used 11286K, capacity 11490K, committed 11648K, reserved 1058816K
  class space    used 1286K, capacity 1353K, committed 1408K, reserved 1048576K
Event: 49.607 GC heap after
Heap after GC invocations=135 (full 65):
 PSYoungGen      total 133120K, used 122267K [0x00000000eb200000, 0x00000000f3600000, 0x0000000100000000)
  eden space 131072K, 93% used [0x00000000eb200000,0x00000000f2966c70,0x00000000f3200000)
  from space 2048K, 0% used [0x00000000f3400000,0x00000000f3400000,0x00000000f3600000)
  to   space 2048K, 0% used [0x00000000f3200000,0x00000000f3200000,0x00000000f3400000)
 ParOldGen       total 172032K, used 132611K [0x00000000c1600000, 0x00000000cbe00000, 0x00000000eb200000)
  object space 172032K, 77% used [0x00000000c1600000,0x00000000c9780c90,0x00000000cbe00000)
 Metaspace       used 11286K, capacity 11490K, committed 11648K, reserved 1058816K
  class space    used 1286K, capacity 1353K, committed 1408K, reserved 1048576K
}
Event: 50.625 GC heap before
{Heap before GC invocations=136 (full 65):
 PSYoungGen      total 133120K, used 131072K [0x00000000eb200000, 0x00000000f3600000, 0x0000000100000000)
  eden space 131072K, 100% used [0x00000000eb200000,0x00000000f3200000,0x00000000f3200000)
  from space 2048K, 0% used [0x00000000f3400000,0x00000000f3400000,0x00000000f3600000)
  to   space 2048K, 0% used [0x00000000f3200000,0x00000000f3200000,0x00000000f3400000)
 ParOldGen       total 172032K, used 132611K [0x00000000c1600000, 0x00000000cbe00000, 0x00000000eb200000)
  object space 172032K, 77% used [0x00000000c1600000,0x00000000c9780c90,0x00000000cbe00000)
 Metaspace       used 11286K, capacity 11490K, committed 11648K, reserved 1058816K
  class space    used 1286K, capacity 1353K, committed 1408K, reserved 1048576K
Event: 50.744 GC heap after
Heap after GC invocations=136 (full 65):
 PSYoungGen      total 133120K, used 131072K [0x00000000eb200000, 0x00000000f3600000, 0x0000000100000000)
  eden space 131072K, 100% used [0x00000000eb200000,0x00000000f3200000,0x00000000f3200000)
  from space 2048K, 0% used [0x00000000f3400000,0x00000000f3400000,0x00000000f3600000)
  to   space 2048K, 4% used [0x00000000f3200000,0x00000000f3218000,0x00000000f3400000)
 ParOldGen       total 294400K, used 254876K [0x00000000c1600000, 0x00000000d3580000, 0x00000000eb200000)
  object space 294400K, 86% used [0x00000000c1600000,0x00000000d0ee71d8,0x00000000d3580000)
 Metaspace       used 11286K, capacity 11490K, committed 11648K, reserved 1058816K
  class space    used 1286K, capacity 1353K, committed 1408K, reserved 1048576K
}
Event: 50.744 GC heap before
{Heap before GC invocations=137 (full 66):
 PSYoungGen      total 133120K, used 131072K [0x00000000eb200000, 0x00000000f3600000, 0x0000000100000000)
  eden space 131072K, 100% used [0x00000000eb200000,0x00000000f3200000,0x00000000f3200000)
  from space 2048K, 0% used [0x00000000f3400000,0x00000000f3400000,0x00000000f3600000)
  to   space 2048K, 4% used [0x00000000f3200000,0x00000000f3218000,0x00000000f3400000)
 ParOldGen       total 294400K, used 254876K [0x00000000c1600000, 0x00000000d3580000, 0x00000000eb200000)
  object space 294400K, 86% used [0x00000000c1600000,0x00000000d0ee71d8,0x00000000d3580000)
 Metaspace       used 11286K, capacity 11490K, committed 11648K, reserved 1058816K
  class space    used 1286K, capacity 1353K, committed 1408K, reserved 1048576K
Event: 50.809 GC heap after
Heap after GC invocations=137 (full 66):
 PSYoungGen      total 133120K, used 0K [0x00000000eb200000, 0x00000000f3600000, 0x0000000100000000)
  eden space 131072K, 0% used [0x00000000eb200000,0x00000000eb200000,0x00000000f3200000)
  from space 2048K, 0% used [0x00000000f3400000,0x00000000f3400000,0x00000000f3600000)
  to   space 2048K, 0% used [0x00000000f3200000,0x00000000f3200000,0x00000000f3400000)
 ParOldGen       total 294400K, used 254878K [0x00000000c1600000, 0x00000000d3580000, 0x00000000eb200000)
  object space 294400K, 86% used [0x00000000c1600000,0x00000000d0ee7be8,0x00000000d3580000)
 Metaspace       used 11286K, capacity 11490K, committed 11648K, reserved 1058816K
  class space    used 1286K, capacity 1353K, committed 1408K, reserved 1048576K
}

