# JRE version: Java(TM) SE Runtime Environment (8.0_181-b13) (build 1.8.0_181-b13)
# Java VM: Java HotSpot(TM) 64-Bit Server VM (25.181-b13 mixed mode windows-amd64 compressed oops)
Heap:
 PSYoungGen      total 133120K, used 55602K [0x00000000eb200000, 0x00000000f3600000, 0x0000000100000000)
  eden space 131072K, 42% used [0x00000000eb200000,0x00000000ee84c9f0,0x00000000f3200000)
  from space 2048K, 0% used [0x00000000f3200000,0x00000000f3200000,0x00000000f3400000)
  to   space 2048K, 0% used [0x00000000f3400000,0x00000000f3400000,0x00000000f3600000)
 ParOldGen       total 302080K, used 254876K [0x00000000c1600000, 0x00000000d3d00000, 0x00000000eb200000)
  object space 302080K, 84% used [0x00000000c1600000,0x00000000d0ee7270,0x00000000d3d00000)
 Metaspace       used 10973K, capacity 11186K, committed 11392K, reserved 1058816K
  class space    used 1266K, capacity 1353K, committed 1408K, reserved 1048576K
GC Heap History (10 events):
Event: 5.290 GC heap before
{Heap before GC invocations=4 (full 0):
 PSYoungGen      total 35328K, used 34642K [0x00000000eb200000, 0x00000000ef700000, 0x0000000100000000)
  eden space 32768K, 99% used [0x00000000eb200000,0x00000000ed1fc178,0x00000000ed200000)
  from space 2560K, 73% used [0x00000000ed200000,0x00000000ed3d8a18,0x00000000ed480000)
  to   space 2560K, 0% used [0x00000000ef480000,0x00000000ef480000,0x00000000ef700000)
 ParOldGen       total 166400K, used 132724K [0x00000000c1600000, 0x00000000cb880000, 0x00000000eb200000)
  object space 166400K, 79% used [0x00000000c1600000,0x00000000c979d278,0x00000000cb880000)
 Metaspace       used 8958K, capacity 9114K, committed 9344K, reserved 1056768K
  class space    used 1028K, capacity 1095K, committed 1152K, reserved 1048576K
Event: 5.295 GC heap after
Heap after GC invocations=4 (full 0):
 PSYoungGen      total 68096K, used 1914K [0x00000000eb200000, 0x00000000ef700000, 0x0000000100000000)
  eden space 65536K, 0% used [0x00000000eb200000,0x00000000eb200000,0x00000000ef200000)
  from space 2560K, 74% used [0x00000000ef480000,0x00000000ef65e900,0x00000000ef700000)
  to   space 2560K, 0% used [0x00000000ef200000,0x00000000ef200000,0x00000000ef480000)
 ParOldGen       total 166400K, used 132732K [0x00000000c1600000, 0x00000000cb880000, 0x00000000eb200000)
  object space 166400K, 79% used [0x00000000c1600000,0x00000000c979f278,0x00000000cb880000)
 Metaspace       used 8958K, capacity 9114K, committed 9344K, reserved 1056768K
  class space    used 1028K, capacity 1095K, committed 1152K, reserved 1048576K
}
Event: 6.928 GC heap before
{Heap before GC invocations=5 (full 0):
 PSYoungGen      total 68096K, used 67450K [0x00000000eb200000, 0x00000000ef700000, 0x0000000100000000)
  eden space 65536K, 100% used [0x00000000eb200000,0x00000000ef200000,0x00000000ef200000)
  from space 2560K, 74% used [0x00000000ef480000,0x00000000ef65e900,0x00000000ef700000)
  to   space 2560K, 0% used [0x00000000ef200000,0x00000000ef200000,0x00000000ef480000)
 ParOldGen       total 288768K, used 254997K [0x00000000c1600000, 0x00000000d3000000, 0x00000000eb200000)
  object space 288768K, 88% used [0x00000000c1600000,0x00000000d0f057c0,0x00000000d3000000)
 Metaspace       used 8964K, capacity 9210K, committed 9344K, reserved 1056768K
  class space    used 1031K, capacity 1127K, committed 1152K, reserved 1048576K
Event: 6.932 GC heap after
Heap after GC invocations=5 (full 0):
 PSYoungGen      total 68096K, used 1994K [0x00000000eb200000, 0x00000000f3600000, 0x0000000100000000)
  eden space 65536K, 0% used [0x00000000eb200000,0x00000000eb200000,0x00000000ef200000)
  from space 2560K, 77% used [0x00000000ef200000,0x00000000ef3f28f0,0x00000000ef480000)
  to   space 2048K, 0% used [0x00000000f3400000,0x00000000f3400000,0x00000000f3600000)
 ParOldGen       total 288768K, used 255005K [0x00000000c1600000, 0x00000000d3000000, 0x00000000eb200000)
  object space 288768K, 88% used [0x00000000c1600000,0x00000000d0f077c0,0x00000000d3000000)
 Metaspace       used 8964K, capacity 9210K, committed 9344K, reserved 1056768K
  class space    used 1031K, capacity 1127K, committed 1152K, reserved 1048576K
}
Event: 7.489 GC heap before
{Heap before GC invocations=6 (full 0):
 PSYoungGen      total 68096K, used 67530K [0x00000000eb200000, 0x00000000f3600000, 0x0000000100000000)
  eden space 65536K, 100% used [0x00000000eb200000,0x00000000ef200000,0x00000000ef200000)
  from space 2560K, 77% used [0x00000000ef200000,0x00000000ef3f28f0,0x00000000ef480000)
  to   space 2048K, 0% used [0x00000000f3400000,0x00000000f3400000,0x00000000f3600000)
 ParOldGen       total 288768K, used 255005K [0x00000000c1600000, 0x00000000d3000000, 0x00000000eb200000)
  object space 288768K, 88% used [0x00000000c1600000,0x00000000d0f077c0,0x00000000d3000000)
 Metaspace       used 8964K, capacity 9210K, committed 9344K, reserved 1056768K
  class space    used 1031K, capacity 1127K, committed 1152K, reserved 1048576K
Event: 7.505 GC heap after
Heap after GC invocations=6 (full 0):
 PSYoungGen      total 133120K, used 1922K [0x00000000eb200000, 0x00000000f3600000, 0x0000000100000000)
  eden space 131072K, 0% used [0x00000000eb200000,0x00000000eb200000,0x00000000f3200000)
  from space 2048K, 93% used [0x00000000f3400000,0x00000000f35e0a18,0x00000000f3600000)
  to   space 2048K, 0% used [0x00000000f3200000,0x00000000f3200000,0x00000000f3400000)
 ParOldGen       total 288768K, used 255013K [0x00000000c1600000, 0x00000000d3000000, 0x00000000eb200000)
  object space 288768K, 88% used [0x00000000c1600000,0x00000000d0f097c0,0x00000000d3000000)
 Metaspace       used 8964K, capacity 9210K, committed 9344K, reserved 1056768K
  class space    used 1031K, capacity 1127K, committed 1152K, reserved 1048576K
}
Event: 16.231 GC heap before
{Heap before GC invocations=7 (full 0):
 PSYoungGen      total 133120K, used 132994K [0x00000000eb200000, 0x00000000f3600000, 0x0000000100000000)
  eden space 131072K, 100% used [0x00000000eb200000,0x00000000f3200000,0x00000000f3200000)
  from space 2048K, 93% used [0x00000000f3400000,0x00000000f35e0a18,0x00000000f3600000)
  to   space 2048K, 0% used [0x00000000f3200000,0x00000000f3200000,0x00000000f3400000)
 ParOldGen       total 288768K, used 255013K [0x00000000c1600000, 0x00000000d3000000, 0x00000000eb200000)
  object space 288768K, 88% used [0x00000000c1600000,0x00000000d0f097c0,0x00000000d3000000)
 Metaspace       used 10881K, capacity 11114K, committed 11392K, reserved 1058816K
  class space    used 1262K, capacity 1353K, committed 1408K, reserved 1048576K
Event: 16.260 GC heap after
Heap after GC invocations=7 (full 0):
 PSYoungGen      total 133120K, used 2022K [0x00000000eb200000, 0x00000000f3600000, 0x0000000100000000)
  eden space 131072K, 0% used [0x00000000eb200000,0x00000000eb200000,0x00000000f3200000)
  from space 2048K, 98% used [0x00000000f3200000,0x00000000f33f9a20,0x00000000f3400000)
  to   space 2048K, 0% used [0x00000000f3400000,0x00000000f3400000,0x00000000f3600000)
 ParOldGen       total 288768K, used 266050K [0x00000000c1600000, 0x00000000d3000000, 0x00000000eb200000)
  object space 288768K, 92% used [0x00000000c1600000,0x00000000d19d0b10,0x00000000d3000000)
 Metaspace       used 10881K, capacity 11114K, committed 11392K, reserved 1058816K
  class space    used 1262K, capacity 1353K, committed 1408K, reserved 1048576K
}
Event: 16.260 GC heap before
{Heap before GC invocations=8 (full 1):
 PSYoungGen      total 133120K, used 2022K [0x00000000eb200000, 0x00000000f3600000, 0x0000000100000000)
  eden space 131072K, 0% used [0x00000000eb200000,0x00000000eb200000,0x00000000f3200000)
  from space 2048K, 98% used [0x00000000f3200000,0x00000000f33f9a20,0x00000000f3400000)
  to   space 2048K, 0% used [0x00000000f3400000,0x00000000f3400000,0x00000000f3600000)
 ParOldGen       total 288768K, used 266050K [0x00000000c1600000, 0x00000000d3000000, 0x00000000eb200000)
  object space 288768K, 92% used [0x00000000c1600000,0x00000000d19d0b10,0x00000000d3000000)
 Metaspace       used 10881K, capacity 11114K, committed 11392K, reserved 1058816K
  class space    used 1262K, capacity 1353K, committed 1408K, reserved 1048576K
Event: 16.327 GC heap after
Heap after GC invocations=8 (full 1):
 PSYoungGen      total 133120K, used 0K [0x00000000eb200000, 0x00000000f3600000, 0x0000000100000000)
  eden space 131072K, 0% used [0x00000000eb200000,0x00000000eb200000,0x00000000f3200000)
  from space 2048K, 0% used [0x00000000f3200000,0x00000000f3200000,0x00000000f3400000)
  to   space 2048K, 0% used [0x00000000f3400000,0x00000000f3400000,0x00000000f3600000)
 ParOldGen       total 302080K, used 254876K [0x00000000c1600000, 0x00000000d3d00000, 0x00000000eb200000)
  object space 302080K, 84% used [0x00000000c1600000,0x00000000d0ee7270,0x00000000d3d00000)
 Metaspace       used 10881K, capacity 11114K, committed 11392K, reserved 1058816K
  class space    used 1262K, capacity 1353K, committed 1408K, reserved 1048576K
}

