# JRE version: Java(TM) SE Runtime Environment (8.0_181-b13) (build 1.8.0_181-b13)
# Java VM: Java HotSpot(TM) 64-Bit Server VM (25.181-b13 mixed mode windows-amd64 compressed oops)
Heap:
 PSYoungGen      total 33280K, used 29527K [0x00000000eb200000, 0x00000000ee300000, 0x0000000100000000)
  eden space 30720K, 96% used [0x00000000eb200000,0x00000000eced5ff0,0x00000000ed000000)
  from space 2560K, 0% used [0x00000000ed000000,0x00000000ed000000,0x00000000ed280000)
  to   space 2560K, 0% used [0x00000000ee080000,0x00000000ee080000,0x00000000ee300000)
 ParOldGen       total 74240K, used 69182K [0x00000000c1600000, 0x00000000c5e80000, 0x00000000eb200000)
  object space 74240K, 93% used [0x00000000c1600000,0x00000000c598f9c8,0x00000000c5e80000)
 Metaspace       used 8202K, capacity 8374K, committed 8576K, reserved 1056768K
  class space    used 945K, capacity 1027K, committed 1152K, reserved 1048576K
GC Heap History (10 events):
Event: 1.489 GC heap before
{Heap before GC invocations=6 (full 3):
 PSYoungGen      total 33280K, used 30720K [0x00000000eb200000, 0x00000000ee300000, 0x0000000100000000)
  eden space 30720K, 100% used [0x00000000eb200000,0x00000000ed000000,0x00000000ed000000)
  from space 2560K, 0% used [0x00000000ed000000,0x00000000ed000000,0x00000000ed280000)
  to   space 2560K, 0% used [0x00000000ee080000,0x00000000ee080000,0x00000000ee300000)
 ParOldGen       total 74240K, used 69202K [0x00000000c1600000, 0x00000000c5e80000, 0x00000000eb200000)
  object space 74240K, 93% used [0x00000000c1600000,0x00000000c59948f8,0x00000000c5e80000)
 Metaspace       used 8199K, capacity 8374K, committed 8576K, reserved 1056768K
  class space    used 945K, capacity 1027K, committed 1152K, reserved 1048576K
Event: 1.531 GC heap after
Heap after GC invocations=6 (full 3):
 PSYoungGen      total 33280K, used 0K [0x00000000eb200000, 0x00000000ee300000, 0x0000000100000000)
  eden space 30720K, 0% used [0x00000000eb200000,0x00000000eb200000,0x00000000ed000000)
  from space 2560K, 0% used [0x00000000ed000000,0x00000000ed000000,0x00000000ed280000)
  to   space 2560K, 0% used [0x00000000ee080000,0x00000000ee080000,0x00000000ee300000)
 ParOldGen       total 74240K, used 69209K [0x00000000c1600000, 0x00000000c5e80000, 0x00000000eb200000)
  object space 74240K, 93% used [0x00000000c1600000,0x00000000c5996570,0x00000000c5e80000)
 Metaspace       used 8199K, capacity 8374K, committed 8576K, reserved 1056768K
  class space    used 945K, capacity 1027K, committed 1152K, reserved 1048576K
}
Event: 2.507 GC heap before
{Heap before GC invocations=7 (full 4):
 PSYoungGen      total 33280K, used 30456K [0x00000000eb200000, 0x00000000ee300000, 0x0000000100000000)
  eden space 30720K, 99% used [0x00000000eb200000,0x00000000ecfbe368,0x00000000ed000000)
  from space 2560K, 0% used [0x00000000ed000000,0x00000000ed000000,0x00000000ed280000)
  to   space 2560K, 0% used [0x00000000ee080000,0x00000000ee080000,0x00000000ee300000)
 ParOldGen       total 74240K, used 69209K [0x00000000c1600000, 0x00000000c5e80000, 0x00000000eb200000)
  object space 74240K, 93% used [0x00000000c1600000,0x00000000c5996570,0x00000000c5e80000)
 Metaspace       used 8199K, capacity 8374K, committed 8576K, reserved 1056768K
  class space    used 945K, capacity 1027K, committed 1152K, reserved 1048576K
Event: 2.542 GC heap after
Heap after GC invocations=7 (full 4):
 PSYoungGen      total 33280K, used 0K [0x00000000eb200000, 0x00000000ee300000, 0x0000000100000000)
  eden space 30720K, 0% used [0x00000000eb200000,0x00000000eb200000,0x00000000ed000000)
  from space 2560K, 0% used [0x00000000ed000000,0x00000000ed000000,0x00000000ed280000)
  to   space 2560K, 0% used [0x00000000ee080000,0x00000000ee080000,0x00000000ee300000)
 ParOldGen       total 74240K, used 69220K [0x00000000c1600000, 0x00000000c5e80000, 0x00000000eb200000)
  object space 74240K, 93% used [0x00000000c1600000,0x00000000c5999378,0x00000000c5e80000)
 Metaspace       used 8199K, capacity 8374K, committed 8576K, reserved 1056768K
  class space    used 945K, capacity 1027K, committed 1152K, reserved 1048576K
}
Event: 2.657 GC heap before
{Heap before GC invocations=8 (full 5):
 PSYoungGen      total 33280K, used 30720K [0x00000000eb200000, 0x00000000ee300000, 0x0000000100000000)
  eden space 30720K, 100% used [0x00000000eb200000,0x00000000ed000000,0x00000000ed000000)
  from space 2560K, 0% used [0x00000000ed000000,0x00000000ed000000,0x00000000ed280000)
  to   space 2560K, 0% used [0x00000000ee080000,0x00000000ee080000,0x00000000ee300000)
 ParOldGen       total 74240K, used 69220K [0x00000000c1600000, 0x00000000c5e80000, 0x00000000eb200000)
  object space 74240K, 93% used [0x00000000c1600000,0x00000000c5999378,0x00000000c5e80000)
 Metaspace       used 8200K, capacity 8374K, committed 8576K, reserved 1056768K
  class space    used 945K, capacity 1027K, committed 1152K, reserved 1048576K
Event: 2.687 GC heap after
Heap after GC invocations=8 (full 5):
 PSYoungGen      total 33280K, used 17391K [0x00000000eb200000, 0x00000000ee300000, 0x0000000100000000)
  eden space 30720K, 56% used [0x00000000eb200000,0x00000000ec2fbc20,0x00000000ed000000)
  from space 2560K, 0% used [0x00000000ed000000,0x00000000ed000000,0x00000000ed280000)
  to   space 2560K, 0% used [0x00000000ee080000,0x00000000ee080000,0x00000000ee300000)
 ParOldGen       total 74240K, used 69182K [0x00000000c1600000, 0x00000000c5e80000, 0x00000000eb200000)
  object space 74240K, 93% used [0x00000000c1600000,0x00000000c598fb90,0x00000000c5e80000)
 Metaspace       used 8200K, capacity 8374K, committed 8576K, reserved 1056768K
  class space    used 945K, capacity 1027K, committed 1152K, reserved 1048576K
}
Event: 2.731 GC heap before
{Heap before GC invocations=9 (full 6):
 PSYoungGen      total 33280K, used 22323K [0x00000000eb200000, 0x00000000ee300000, 0x0000000100000000)
  eden space 30720K, 72% used [0x00000000eb200000,0x00000000ec7ccd38,0x00000000ed000000)
  from space 2560K, 0% used [0x00000000ed000000,0x00000000ed000000,0x00000000ed280000)
  to   space 2560K, 0% used [0x00000000ee080000,0x00000000ee080000,0x00000000ee300000)
 ParOldGen       total 74240K, used 69182K [0x00000000c1600000, 0x00000000c5e80000, 0x00000000eb200000)
  object space 74240K, 93% used [0x00000000c1600000,0x00000000c598fb90,0x00000000c5e80000)
 Metaspace       used 8202K, capacity 8374K, committed 8576K, reserved 1056768K
  class space    used 945K, capacity 1027K, committed 1152K, reserved 1048576K
Event: 2.744 GC heap after
Heap after GC invocations=9 (full 6):
 PSYoungGen      total 33280K, used 17367K [0x00000000eb200000, 0x00000000ee300000, 0x0000000100000000)
  eden space 30720K, 56% used [0x00000000eb200000,0x00000000ec2f5ea8,0x00000000ed000000)
  from space 2560K, 0% used [0x00000000ed000000,0x00000000ed000000,0x00000000ed280000)
  to   space 2560K, 0% used [0x00000000ee080000,0x00000000ee080000,0x00000000ee300000)
 ParOldGen       total 74240K, used 69182K [0x00000000c1600000, 0x00000000c5e80000, 0x00000000eb200000)
  object space 74240K, 93% used [0x00000000c1600000,0x00000000c598f9c8,0x00000000c5e80000)
 Metaspace       used 8202K, capacity 8374K, committed 8576K, reserved 1056768K
  class space    used 945K, capacity 1027K, committed 1152K, reserved 1048576K
}
Event: 2.795 GC heap before
{Heap before GC invocations=10 (full 7):
 PSYoungGen      total 33280K, used 30720K [0x00000000eb200000, 0x00000000ee300000, 0x0000000100000000)
  eden space 30720K, 100% used [0x00000000eb200000,0x00000000ed000000,0x00000000ed000000)
  from space 2560K, 0% used [0x00000000ed000000,0x00000000ed000000,0x00000000ed280000)
  to   space 2560K, 0% used [0x00000000ee080000,0x00000000ee080000,0x00000000ee300000)
 ParOldGen       total 74240K, used 69182K [0x00000000c1600000, 0x00000000c5e80000, 0x00000000eb200000)
  object space 74240K, 93% used [0x00000000c1600000,0x00000000c598f9c8,0x00000000c5e80000)
 Metaspace       used 8202K, capacity 8374K, committed 8576K, reserved 1056768K
  class space    used 945K, capacity 1027K, committed 1152K, reserved 1048576K
Event: 2.810 GC heap after
Heap after GC invocations=10 (full 7):
 PSYoungGen      total 33280K, used 26055K [0x00000000eb200000, 0x00000000ee300000, 0x0000000100000000)
  eden space 30720K, 84% used [0x00000000eb200000,0x00000000ecb71e58,0x00000000ed000000)
  from space 2560K, 0% used [0x00000000ed000000,0x00000000ed000000,0x00000000ed280000)
  to   space 2560K, 0% used [0x00000000ee080000,0x00000000ee080000,0x00000000ee300000)
 ParOldGen       total 74240K, used 69182K [0x00000000c1600000, 0x00000000c5e80000, 0x00000000eb200000)
  object space 74240K, 93% used [0x00000000c1600000,0x00000000c598f9c8,0x00000000c5e80000)
 Metaspace       used 8202K, capacity 8374K, committed 8576K, reserved 1056768K
  class space    used 945K, capacity 1027K, committed 1152K, reserved 1048576K
}

