# JRE version: Java(TM) SE Runtime Environment (8.0_181-b13) (build 1.8.0_181-b13)
# Java VM: Java HotSpot(TM) 64-Bit Server VM (25.181-b13 mixed mode windows-amd64 compressed oops)
Heap:
 PSYoungGen      total 33280K, used 22323K [0x00000000eb200000, 0x00000000edf80000, 0x0000000100000000)
  eden space 30720K, 72% used [0x00000000eb200000,0x00000000ec7ccd38,0x00000000ed000000)
  from space 2560K, 0% used [0x00000000ed000000,0x00000000ed000000,0x00000000ed280000)
  to   space 2560K, 0% used [0x00000000edd00000,0x00000000edd00000,0x00000000edf80000)
 ParOldGen       total 72704K, used 69183K [0x00000000c1600000, 0x00000000c5d00000, 0x00000000eb200000)
  object space 72704K, 95% used [0x00000000c1600000,0x00000000c598fe18,0x00000000c5d00000)
 Metaspace       used 8204K, capacity 8390K, committed 8576K, reserved 1056768K
  class space    used 945K, capacity 1027K, committed 1152K, reserved 1048576K
GC Heap History (10 events):
Event: 0.893 GC heap before
{Heap before GC invocations=4 (full 1):
 PSYoungGen      total 22016K, used 128K [0x00000000eb200000, 0x00000000ed500000, 0x0000000100000000)
  eden space 21504K, 0% used [0x00000000eb200000,0x00000000eb200000,0x00000000ec700000)
  from space 512K, 25% used [0x00000000ed480000,0x00000000ed4a0000,0x00000000ed500000)
  to   space 2560K, 0% used [0x00000000ed000000,0x00000000ed000000,0x00000000ed280000)
 ParOldGen       total 62976K, used 9935K [0x00000000c1600000, 0x00000000c5380000, 0x00000000eb200000)
  object space 62976K, 15% used [0x00000000c1600000,0x00000000c1fb3cf8,0x00000000c5380000)
 Metaspace       used 8193K, capacity 8390K, committed 8576K, reserved 1056768K
  class space    used 944K, capacity 1027K, committed 1152K, reserved 1048576K
Event: 0.894 GC heap after
Heap after GC invocations=4 (full 1):
 PSYoungGen      total 33280K, used 128K [0x00000000eb200000, 0x00000000edf80000, 0x0000000100000000)
  eden space 30720K, 0% used [0x00000000eb200000,0x00000000eb200000,0x00000000ed000000)
  from space 2560K, 5% used [0x00000000ed000000,0x00000000ed020000,0x00000000ed280000)
  to   space 2560K, 0% used [0x00000000edd00000,0x00000000edd00000,0x00000000edf80000)
 ParOldGen       total 62976K, used 9935K [0x00000000c1600000, 0x00000000c5380000, 0x00000000eb200000)
  object space 62976K, 15% used [0x00000000c1600000,0x00000000c1fb3cf8,0x00000000c5380000)
 Metaspace       used 8193K, capacity 8390K, committed 8576K, reserved 1056768K
  class space    used 944K, capacity 1027K, committed 1152K, reserved 1048576K
}
Event: 0.894 GC heap before
{Heap before GC invocations=5 (full 2):
 PSYoungGen      total 33280K, used 128K [0x00000000eb200000, 0x00000000edf80000, 0x0000000100000000)
  eden space 30720K, 0% used [0x00000000eb200000,0x00000000eb200000,0x00000000ed000000)
  from space 2560K, 5% used [0x00000000ed000000,0x00000000ed020000,0x00000000ed280000)
  to   space 2560K, 0% used [0x00000000edd00000,0x00000000edd00000,0x00000000edf80000)
 ParOldGen       total 62976K, used 9935K [0x00000000c1600000, 0x00000000c5380000, 0x00000000eb200000)
  object space 62976K, 15% used [0x00000000c1600000,0x00000000c1fb3cf8,0x00000000c5380000)
 Metaspace       used 8193K, capacity 8390K, committed 8576K, reserved 1056768K
  class space    used 944K, capacity 1027K, committed 1152K, reserved 1048576K
Event: 0.917 GC heap after
Heap after GC invocations=5 (full 2):
 PSYoungGen      total 33280K, used 0K [0x00000000eb200000, 0x00000000edf80000, 0x0000000100000000)
  eden space 30720K, 0% used [0x00000000eb200000,0x00000000eb200000,0x00000000ed000000)
  from space 2560K, 0% used [0x00000000ed000000,0x00000000ed000000,0x00000000ed280000)
  to   space 2560K, 0% used [0x00000000edd00000,0x00000000edd00000,0x00000000edf80000)
 ParOldGen       total 72704K, used 9880K [0x00000000c1600000, 0x00000000c5d00000, 0x00000000eb200000)
  object space 72704K, 13% used [0x00000000c1600000,0x00000000c1fa61e8,0x00000000c5d00000)
 Metaspace       used 8193K, capacity 8390K, committed 8576K, reserved 1056768K
  class space    used 944K, capacity 1027K, committed 1152K, reserved 1048576K
}
Event: 1.545 GC heap before
{Heap before GC invocations=6 (full 3):
 PSYoungGen      total 33280K, used 30720K [0x00000000eb200000, 0x00000000edf80000, 0x0000000100000000)
  eden space 30720K, 100% used [0x00000000eb200000,0x00000000ed000000,0x00000000ed000000)
  from space 2560K, 0% used [0x00000000ed000000,0x00000000ed000000,0x00000000ed280000)
  to   space 2560K, 0% used [0x00000000edd00000,0x00000000edd00000,0x00000000edf80000)
 ParOldGen       total 72704K, used 69200K [0x00000000c1600000, 0x00000000c5d00000, 0x00000000eb200000)
  object space 72704K, 95% used [0x00000000c1600000,0x00000000c5994338,0x00000000c5d00000)
 Metaspace       used 8204K, capacity 8390K, committed 8576K, reserved 1056768K
  class space    used 945K, capacity 1027K, committed 1152K, reserved 1048576K
Event: 1.599 GC heap after
Heap after GC invocations=6 (full 3):
 PSYoungGen      total 33280K, used 0K [0x00000000eb200000, 0x00000000edf80000, 0x0000000100000000)
  eden space 30720K, 0% used [0x00000000eb200000,0x00000000eb200000,0x00000000ed000000)
  from space 2560K, 0% used [0x00000000ed000000,0x00000000ed000000,0x00000000ed280000)
  to   space 2560K, 0% used [0x00000000edd00000,0x00000000edd00000,0x00000000edf80000)
 ParOldGen       total 72704K, used 69209K [0x00000000c1600000, 0x00000000c5d00000, 0x00000000eb200000)
  object space 72704K, 95% used [0x00000000c1600000,0x00000000c59967f8,0x00000000c5d00000)
 Metaspace       used 8204K, capacity 8390K, committed 8576K, reserved 1056768K
  class space    used 945K, capacity 1027K, committed 1152K, reserved 1048576K
}
Event: 2.164 GC heap before
{Heap before GC invocations=7 (full 4):
 PSYoungGen      total 33280K, used 30455K [0x00000000eb200000, 0x00000000edf80000, 0x0000000100000000)
  eden space 30720K, 99% used [0x00000000eb200000,0x00000000ecfbdd28,0x00000000ed000000)
  from space 2560K, 0% used [0x00000000ed000000,0x00000000ed000000,0x00000000ed280000)
  to   space 2560K, 0% used [0x00000000edd00000,0x00000000edd00000,0x00000000edf80000)
 ParOldGen       total 72704K, used 69209K [0x00000000c1600000, 0x00000000c5d00000, 0x00000000eb200000)
  object space 72704K, 95% used [0x00000000c1600000,0x00000000c59967f8,0x00000000c5d00000)
 Metaspace       used 8204K, capacity 8390K, committed 8576K, reserved 1056768K
  class space    used 945K, capacity 1027K, committed 1152K, reserved 1048576K
Event: 2.197 GC heap after
Heap after GC invocations=7 (full 4):
 PSYoungGen      total 33280K, used 0K [0x00000000eb200000, 0x00000000edf80000, 0x0000000100000000)
  eden space 30720K, 0% used [0x00000000eb200000,0x00000000eb200000,0x00000000ed000000)
  from space 2560K, 0% used [0x00000000ed000000,0x00000000ed000000,0x00000000ed280000)
  to   space 2560K, 0% used [0x00000000edd00000,0x00000000edd00000,0x00000000edf80000)
 ParOldGen       total 72704K, used 69221K [0x00000000c1600000, 0x00000000c5d00000, 0x00000000eb200000)
  object space 72704K, 95% used [0x00000000c1600000,0x00000000c5999600,0x00000000c5d00000)
 Metaspace       used 8204K, capacity 8390K, committed 8576K, reserved 1056768K
  class space    used 945K, capacity 1027K, committed 1152K, reserved 1048576K
}
Event: 2.361 GC heap before
{Heap before GC invocations=8 (full 5):
 PSYoungGen      total 33280K, used 30720K [0x00000000eb200000, 0x00000000edf80000, 0x0000000100000000)
  eden space 30720K, 100% used [0x00000000eb200000,0x00000000ed000000,0x00000000ed000000)
  from space 2560K, 0% used [0x00000000ed000000,0x00000000ed000000,0x00000000ed280000)
  to   space 2560K, 0% used [0x00000000edd00000,0x00000000edd00000,0x00000000edf80000)
 ParOldGen       total 72704K, used 69221K [0x00000000c1600000, 0x00000000c5d00000, 0x00000000eb200000)
  object space 72704K, 95% used [0x00000000c1600000,0x00000000c5999600,0x00000000c5d00000)
 Metaspace       used 8204K, capacity 8390K, committed 8576K, reserved 1056768K
  class space    used 945K, capacity 1027K, committed 1152K, reserved 1048576K
Event: 2.394 GC heap after
Heap after GC invocations=8 (full 5):
 PSYoungGen      total 33280K, used 17391K [0x00000000eb200000, 0x00000000edf80000, 0x0000000100000000)
  eden space 30720K, 56% used [0x00000000eb200000,0x00000000ec2fbc20,0x00000000ed000000)
  from space 2560K, 0% used [0x00000000ed000000,0x00000000ed000000,0x00000000ed280000)
  to   space 2560K, 0% used [0x00000000edd00000,0x00000000edd00000,0x00000000edf80000)
 ParOldGen       total 72704K, used 69183K [0x00000000c1600000, 0x00000000c5d00000, 0x00000000eb200000)
  object space 72704K, 95% used [0x00000000c1600000,0x00000000c598fe18,0x00000000c5d00000)
 Metaspace       used 8204K, capacity 8390K, committed 8576K, reserved 1056768K
  class space    used 945K, capacity 1027K, committed 1152K, reserved 1048576K
}

