# JRE version: Java(TM) SE Runtime Environment (8.0_181-b13) (build 1.8.0_181-b13)
# Java VM: Java HotSpot(TM) 64-Bit Server VM (25.181-b13 mixed mode windows-amd64 compressed oops)
Heap:
 PSYoungGen      total 33280K, used 27355K [0x00000000eb200000, 0x00000000ee200000, 0x0000000100000000)
  eden space 30720K, 89% used [0x00000000eb200000,0x00000000eccb6ef8,0x00000000ed000000)
  from space 2560K, 0% used [0x00000000ed000000,0x00000000ed000000,0x00000000ed280000)
  to   space 2560K, 0% used [0x00000000edf80000,0x00000000edf80000,0x00000000ee200000)
 ParOldGen       total 73728K, used 69182K [0x00000000c1600000, 0x00000000c5e00000, 0x00000000eb200000)
  object space 73728K, 93% used [0x00000000c1600000,0x00000000c598f9c8,0x00000000c5e00000)
 Metaspace       used 8214K, capacity 8438K, committed 8576K, reserved 1056768K
  class space    used 945K, capacity 1027K, committed 1152K, reserved 1048576K
GC Heap History (10 events):
Event: 0.893 GC heap before
{Heap before GC invocations=5 (full 2):
 PSYoungGen      total 33280K, used 128K [0x00000000eb200000, 0x00000000ee200000, 0x0000000100000000)
  eden space 30720K, 0% used [0x00000000eb200000,0x00000000eb200000,0x00000000ed000000)
  from space 2560K, 5% used [0x00000000ed000000,0x00000000ed020000,0x00000000ed280000)
  to   space 2560K, 0% used [0x00000000edf80000,0x00000000edf80000,0x00000000ee200000)
 ParOldGen       total 62976K, used 9968K [0x00000000c1600000, 0x00000000c5380000, 0x00000000eb200000)
  object space 62976K, 15% used [0x00000000c1600000,0x00000000c1fbc100,0x00000000c5380000)
 Metaspace       used 8200K, capacity 8374K, committed 8576K, reserved 1056768K
  class space    used 944K, capacity 1027K, committed 1152K, reserved 1048576K
Event: 0.916 GC heap after
Heap after GC invocations=5 (full 2):
 PSYoungGen      total 33280K, used 0K [0x00000000eb200000, 0x00000000ee200000, 0x0000000100000000)
  eden space 30720K, 0% used [0x00000000eb200000,0x00000000eb200000,0x00000000ed000000)
  from space 2560K, 0% used [0x00000000ed000000,0x00000000ed000000,0x00000000ed280000)
  to   space 2560K, 0% used [0x00000000edf80000,0x00000000edf80000,0x00000000ee200000)
 ParOldGen       total 73728K, used 9881K [0x00000000c1600000, 0x00000000c5e00000, 0x00000000eb200000)
  object space 73728K, 13% used [0x00000000c1600000,0x00000000c1fa6618,0x00000000c5e00000)
 Metaspace       used 8200K, capacity 8374K, committed 8576K, reserved 1056768K
  class space    used 944K, capacity 1027K, committed 1152K, reserved 1048576K
}
Event: 1.353 GC heap before
{Heap before GC invocations=6 (full 3):
 PSYoungGen      total 33280K, used 30720K [0x00000000eb200000, 0x00000000ee200000, 0x0000000100000000)
  eden space 30720K, 100% used [0x00000000eb200000,0x00000000ed000000,0x00000000ed000000)
  from space 2560K, 0% used [0x00000000ed000000,0x00000000ed000000,0x00000000ed280000)
  to   space 2560K, 0% used [0x00000000edf80000,0x00000000edf80000,0x00000000ee200000)
 ParOldGen       total 73728K, used 69201K [0x00000000c1600000, 0x00000000c5e00000, 0x00000000eb200000)
  object space 73728K, 93% used [0x00000000c1600000,0x00000000c5994768,0x00000000c5e00000)
 Metaspace       used 8208K, capacity 8438K, committed 8576K, reserved 1056768K
  class space    used 944K, capacity 1027K, committed 1152K, reserved 1048576K
Event: 1.393 GC heap after
Heap after GC invocations=6 (full 3):
 PSYoungGen      total 33280K, used 0K [0x00000000eb200000, 0x00000000ee200000, 0x0000000100000000)
  eden space 30720K, 0% used [0x00000000eb200000,0x00000000eb200000,0x00000000ed000000)
  from space 2560K, 0% used [0x00000000ed000000,0x00000000ed000000,0x00000000ed280000)
  to   space 2560K, 0% used [0x00000000edf80000,0x00000000edf80000,0x00000000ee200000)
 ParOldGen       total 73728K, used 69209K [0x00000000c1600000, 0x00000000c5e00000, 0x00000000eb200000)
  object space 73728K, 93% used [0x00000000c1600000,0x00000000c5996650,0x00000000c5e00000)
 Metaspace       used 8208K, capacity 8438K, committed 8576K, reserved 1056768K
  class space    used 944K, capacity 1027K, committed 1152K, reserved 1048576K
}
Event: 1.857 GC heap before
{Heap before GC invocations=7 (full 4):
 PSYoungGen      total 33280K, used 30077K [0x00000000eb200000, 0x00000000ee200000, 0x0000000100000000)
  eden space 30720K, 97% used [0x00000000eb200000,0x00000000ecf5f498,0x00000000ed000000)
  from space 2560K, 0% used [0x00000000ed000000,0x00000000ed000000,0x00000000ed280000)
  to   space 2560K, 0% used [0x00000000edf80000,0x00000000edf80000,0x00000000ee200000)
 ParOldGen       total 73728K, used 69209K [0x00000000c1600000, 0x00000000c5e00000, 0x00000000eb200000)
  object space 73728K, 93% used [0x00000000c1600000,0x00000000c5996650,0x00000000c5e00000)
 Metaspace       used 8212K, capacity 8438K, committed 8576K, reserved 1056768K
  class space    used 945K, capacity 1027K, committed 1152K, reserved 1048576K
Event: 1.886 GC heap after
Heap after GC invocations=7 (full 4):
 PSYoungGen      total 33280K, used 0K [0x00000000eb200000, 0x00000000ee200000, 0x0000000100000000)
  eden space 30720K, 0% used [0x00000000eb200000,0x00000000eb200000,0x00000000ed000000)
  from space 2560K, 0% used [0x00000000ed000000,0x00000000ed000000,0x00000000ed280000)
  to   space 2560K, 0% used [0x00000000edf80000,0x00000000edf80000,0x00000000ee200000)
 ParOldGen       total 73728K, used 69220K [0x00000000c1600000, 0x00000000c5e00000, 0x00000000eb200000)
  object space 73728K, 93% used [0x00000000c1600000,0x00000000c5999368,0x00000000c5e00000)
 Metaspace       used 8212K, capacity 8438K, committed 8576K, reserved 1056768K
  class space    used 945K, capacity 1027K, committed 1152K, reserved 1048576K
}
Event: 1.991 GC heap before
{Heap before GC invocations=8 (full 5):
 PSYoungGen      total 33280K, used 30720K [0x00000000eb200000, 0x00000000ee200000, 0x0000000100000000)
  eden space 30720K, 100% used [0x00000000eb200000,0x00000000ed000000,0x00000000ed000000)
  from space 2560K, 0% used [0x00000000ed000000,0x00000000ed000000,0x00000000ed280000)
  to   space 2560K, 0% used [0x00000000edf80000,0x00000000edf80000,0x00000000ee200000)
 ParOldGen       total 73728K, used 69220K [0x00000000c1600000, 0x00000000c5e00000, 0x00000000eb200000)
  object space 73728K, 93% used [0x00000000c1600000,0x00000000c5999368,0x00000000c5e00000)
 Metaspace       used 8212K, capacity 8438K, committed 8576K, reserved 1056768K
  class space    used 945K, capacity 1027K, committed 1152K, reserved 1048576K
Event: 2.016 GC heap after
Heap after GC invocations=8 (full 5):
 PSYoungGen      total 33280K, used 17391K [0x00000000eb200000, 0x00000000ee200000, 0x0000000100000000)
  eden space 30720K, 56% used [0x00000000eb200000,0x00000000ec2fbc20,0x00000000ed000000)
  from space 2560K, 0% used [0x00000000ed000000,0x00000000ed000000,0x00000000ed280000)
  to   space 2560K, 0% used [0x00000000edf80000,0x00000000edf80000,0x00000000ee200000)
 ParOldGen       total 73728K, used 69182K [0x00000000c1600000, 0x00000000c5e00000, 0x00000000eb200000)
  object space 73728K, 93% used [0x00000000c1600000,0x00000000c598fb90,0x00000000c5e00000)
 Metaspace       used 8212K, capacity 8438K, committed 8576K, reserved 1056768K
  class space    used 945K, capacity 1027K, committed 1152K, reserved 1048576K
}
Event: 2.063 GC heap before
{Heap before GC invocations=9 (full 6):
 PSYoungGen      total 33280K, used 22310K [0x00000000eb200000, 0x00000000ee200000, 0x0000000100000000)
  eden space 30720K, 72% used [0x00000000eb200000,0x00000000ec7c9860,0x00000000ed000000)
  from space 2560K, 0% used [0x00000000ed000000,0x00000000ed000000,0x00000000ed280000)
  to   space 2560K, 0% used [0x00000000edf80000,0x00000000edf80000,0x00000000ee200000)
 ParOldGen       total 73728K, used 69182K [0x00000000c1600000, 0x00000000c5e00000, 0x00000000eb200000)
  object space 73728K, 93% used [0x00000000c1600000,0x00000000c598fb90,0x00000000c5e00000)
 Metaspace       used 8214K, capacity 8438K, committed 8576K, reserved 1056768K
  class space    used 945K, capacity 1027K, committed 1152K, reserved 1048576K
Event: 2.073 GC heap after
Heap after GC invocations=9 (full 6):
 PSYoungGen      total 33280K, used 17367K [0x00000000eb200000, 0x00000000ee200000, 0x0000000100000000)
  eden space 30720K, 56% used [0x00000000eb200000,0x00000000ec2f5ea8,0x00000000ed000000)
  from space 2560K, 0% used [0x00000000ed000000,0x00000000ed000000,0x00000000ed280000)
  to   space 2560K, 0% used [0x00000000edf80000,0x00000000edf80000,0x00000000ee200000)
 ParOldGen       total 73728K, used 69182K [0x00000000c1600000, 0x00000000c5e00000, 0x00000000eb200000)
  object space 73728K, 93% used [0x00000000c1600000,0x00000000c598f9c8,0x00000000c5e00000)
 Metaspace       used 8214K, capacity 8438K, committed 8576K, reserved 1056768K
  class space    used 945K, capacity 1027K, committed 1152K, reserved 1048576K
}

