# JRE version: Java(TM) SE Runtime Environment (8.0_181-b13) (build 1.8.0_181-b13)
# Java VM: Java HotSpot(TM) 64-Bit Server VM (25.181-b13 mixed mode windows-amd64 compressed oops)
Heap:
 PSYoungGen      total 33280K, used 26446K [0x00000000eb200000, 0x00000000ee080000, 0x0000000100000000)
  eden space 30720K, 86% used [0x00000000eb200000,0x00000000ecbd3bf0,0x00000000ed000000)
  from space 2560K, 0% used [0x00000000ed000000,0x00000000ed000000,0x00000000ed280000)
  to   space 2560K, 0% used [0x00000000ede00000,0x00000000ede00000,0x00000000ee080000)
 ParOldGen       total 73216K, used 69182K [0x00000000c1600000, 0x00000000c5d80000, 0x00000000eb200000)
  object space 73216K, 94% used [0x00000000c1600000,0x00000000c598f9c8,0x00000000c5d80000)
 Metaspace       used 8206K, capacity 8374K, committed 8576K, reserved 1056768K
  class space    used 945K, capacity 1027K, committed 1152K, reserved 1048576K
GC Heap History (10 events):
Event: 0.767 GC heap after
Heap after GC invocations=5 (full 2):
 PSYoungGen      total 33280K, used 0K [0x00000000eb200000, 0x00000000ee080000, 0x0000000100000000)
  eden space 30720K, 0% used [0x00000000eb200000,0x00000000eb200000,0x00000000ed000000)
  from space 2560K, 0% used [0x00000000ed000000,0x00000000ed000000,0x00000000ed280000)
  to   space 2560K, 0% used [0x00000000ede00000,0x00000000ede00000,0x00000000ee080000)
 ParOldGen       total 73216K, used 9882K [0x00000000c1600000, 0x00000000c5d80000, 0x00000000eb200000)
  object space 73216K, 13% used [0x00000000c1600000,0x00000000c1fa6ad8,0x00000000c5d80000)
 Metaspace       used 8192K, capacity 8374K, committed 8576K, reserved 1056768K
  class space    used 944K, capacity 1027K, committed 1152K, reserved 1048576K
}
Event: 1.219 GC heap before
{Heap before GC invocations=6 (full 3):
 PSYoungGen      total 33280K, used 30720K [0x00000000eb200000, 0x00000000ee080000, 0x0000000100000000)
  eden space 30720K, 100% used [0x00000000eb200000,0x00000000ed000000,0x00000000ed000000)
  from space 2560K, 0% used [0x00000000ed000000,0x00000000ed000000,0x00000000ed280000)
  to   space 2560K, 0% used [0x00000000ede00000,0x00000000ede00000,0x00000000ee080000)
 ParOldGen       total 73216K, used 69203K [0x00000000c1600000, 0x00000000c5d80000, 0x00000000eb200000)
  object space 73216K, 94% used [0x00000000c1600000,0x00000000c5994c28,0x00000000c5d80000)
 Metaspace       used 8200K, capacity 8374K, committed 8576K, reserved 1056768K
  class space    used 944K, capacity 1027K, committed 1152K, reserved 1048576K
Event: 1.258 GC heap after
Heap after GC invocations=6 (full 3):
 PSYoungGen      total 33280K, used 0K [0x00000000eb200000, 0x00000000ee080000, 0x0000000100000000)
  eden space 30720K, 0% used [0x00000000eb200000,0x00000000eb200000,0x00000000ed000000)
  from space 2560K, 0% used [0x00000000ed000000,0x00000000ed000000,0x00000000ed280000)
  to   space 2560K, 0% used [0x00000000ede00000,0x00000000ede00000,0x00000000ee080000)
 ParOldGen       total 73216K, used 69209K [0x00000000c1600000, 0x00000000c5d80000, 0x00000000eb200000)
  object space 73216K, 94% used [0x00000000c1600000,0x00000000c5996650,0x00000000c5d80000)
 Metaspace       used 8200K, capacity 8374K, committed 8576K, reserved 1056768K
  class space    used 944K, capacity 1027K, committed 1152K, reserved 1048576K
}
Event: 1.683 GC heap before
{Heap before GC invocations=7 (full 4):
 PSYoungGen      total 33280K, used 30463K [0x00000000eb200000, 0x00000000ee080000, 0x0000000100000000)
  eden space 30720K, 99% used [0x00000000eb200000,0x00000000ecfbfe00,0x00000000ed000000)
  from space 2560K, 0% used [0x00000000ed000000,0x00000000ed000000,0x00000000ed280000)
  to   space 2560K, 0% used [0x00000000ede00000,0x00000000ede00000,0x00000000ee080000)
 ParOldGen       total 73216K, used 69209K [0x00000000c1600000, 0x00000000c5d80000, 0x00000000eb200000)
  object space 73216K, 94% used [0x00000000c1600000,0x00000000c5996650,0x00000000c5d80000)
 Metaspace       used 8203K, capacity 8374K, committed 8576K, reserved 1056768K
  class space    used 945K, capacity 1027K, committed 1152K, reserved 1048576K
Event: 1.712 GC heap after
Heap after GC invocations=7 (full 4):
 PSYoungGen      total 33280K, used 0K [0x00000000eb200000, 0x00000000ee080000, 0x0000000100000000)
  eden space 30720K, 0% used [0x00000000eb200000,0x00000000eb200000,0x00000000ed000000)
  from space 2560K, 0% used [0x00000000ed000000,0x00000000ed000000,0x00000000ed280000)
  to   space 2560K, 0% used [0x00000000ede00000,0x00000000ede00000,0x00000000ee080000)
 ParOldGen       total 73216K, used 69220K [0x00000000c1600000, 0x00000000c5d80000, 0x00000000eb200000)
  object space 73216K, 94% used [0x00000000c1600000,0x00000000c5999368,0x00000000c5d80000)
 Metaspace       used 8203K, capacity 8374K, committed 8576K, reserved 1056768K
  class space    used 945K, capacity 1027K, committed 1152K, reserved 1048576K
}
Event: 1.818 GC heap before
{Heap before GC invocations=8 (full 5):
 PSYoungGen      total 33280K, used 30720K [0x00000000eb200000, 0x00000000ee080000, 0x0000000100000000)
  eden space 30720K, 100% used [0x00000000eb200000,0x00000000ed000000,0x00000000ed000000)
  from space 2560K, 0% used [0x00000000ed000000,0x00000000ed000000,0x00000000ed280000)
  to   space 2560K, 0% used [0x00000000ede00000,0x00000000ede00000,0x00000000ee080000)
 ParOldGen       total 73216K, used 69220K [0x00000000c1600000, 0x00000000c5d80000, 0x00000000eb200000)
  object space 73216K, 94% used [0x00000000c1600000,0x00000000c5999368,0x00000000c5d80000)
 Metaspace       used 8204K, capacity 8374K, committed 8576K, reserved 1056768K
  class space    used 945K, capacity 1027K, committed 1152K, reserved 1048576K
Event: 1.840 GC heap after
Heap after GC invocations=8 (full 5):
 PSYoungGen      total 33280K, used 17391K [0x00000000eb200000, 0x00000000ee080000, 0x0000000100000000)
  eden space 30720K, 56% used [0x00000000eb200000,0x00000000ec2fbc20,0x00000000ed000000)
  from space 2560K, 0% used [0x00000000ed000000,0x00000000ed000000,0x00000000ed280000)
  to   space 2560K, 0% used [0x00000000ede00000,0x00000000ede00000,0x00000000ee080000)
 ParOldGen       total 73216K, used 69182K [0x00000000c1600000, 0x00000000c5d80000, 0x00000000eb200000)
  object space 73216K, 94% used [0x00000000c1600000,0x00000000c598fb90,0x00000000c5d80000)
 Metaspace       used 8204K, capacity 8374K, committed 8576K, reserved 1056768K
  class space    used 945K, capacity 1027K, committed 1152K, reserved 1048576K
}
Event: 1.902 GC heap before
{Heap before GC invocations=9 (full 6):
 PSYoungGen      total 33280K, used 22293K [0x00000000eb200000, 0x00000000ee080000, 0x0000000100000000)
  eden space 30720K, 72% used [0x00000000eb200000,0x00000000ec7c5498,0x00000000ed000000)
  from space 2560K, 0% used [0x00000000ed000000,0x00000000ed000000,0x00000000ed280000)
  to   space 2560K, 0% used [0x00000000ede00000,0x00000000ede00000,0x00000000ee080000)
 ParOldGen       total 73216K, used 69182K [0x00000000c1600000, 0x00000000c5d80000, 0x00000000eb200000)
  object space 73216K, 94% used [0x00000000c1600000,0x00000000c598fb90,0x00000000c5d80000)
 Metaspace       used 8206K, capacity 8374K, committed 8576K, reserved 1056768K
  class space    used 945K, capacity 1027K, committed 1152K, reserved 1048576K
Event: 1.912 GC heap after
Heap after GC invocations=9 (full 6):
 PSYoungGen      total 33280K, used 17367K [0x00000000eb200000, 0x00000000ee080000, 0x0000000100000000)
  eden space 30720K, 56% used [0x00000000eb200000,0x00000000ec2f5ea8,0x00000000ed000000)
  from space 2560K, 0% used [0x00000000ed000000,0x00000000ed000000,0x00000000ed280000)
  to   space 2560K, 0% used [0x00000000ede00000,0x00000000ede00000,0x00000000ee080000)
 ParOldGen       total 73216K, used 69182K [0x00000000c1600000, 0x00000000c5d80000, 0x00000000eb200000)
  object space 73216K, 94% used [0x00000000c1600000,0x00000000c598f9c8,0x00000000c5d80000)
 Metaspace       used 8206K, capacity 8374K, committed 8576K, reserved 1056768K
  class space    used 945K, capacity 1027K, committed 1152K, reserved 1048576K
}
Event: 1.963 GC heap before
{Heap before GC invocations=10 (full 7):
 PSYoungGen      total 33280K, used 30720K [0x00000000eb200000, 0x00000000ee080000, 0x0000000100000000)
  eden space 30720K, 100% used [0x00000000eb200000,0x00000000ed000000,0x00000000ed000000)
  from space 2560K, 0% used [0x00000000ed000000,0x00000000ed000000,0x00000000ed280000)
  to   space 2560K, 0% used [0x00000000ede00000,0x00000000ede00000,0x00000000ee080000)
 ParOldGen       total 73216K, used 69182K [0x00000000c1600000, 0x00000000c5d80000, 0x00000000eb200000)
  object space 73216K, 94% used [0x00000000c1600000,0x00000000c598f9c8,0x00000000c5d80000)
 Metaspace       used 8206K, capacity 8374K, committed 8576K, reserved 1056768K
  class space    used 945K, capacity 1027K, committed 1152K, reserved 1048576K

