# JRE version: Java(TM) SE Runtime Environment (8.0_181-b13) (build 1.8.0_181-b13)
# Java VM: Java HotSpot(TM) 64-Bit Server VM (25.181-b13 mixed mode windows-amd64 compressed oops)
Heap:
 PSYoungGen      total 80384K, used 14461K [0x00000000eb200000, 0x00000000f0280000, 0x0000000100000000)
  eden space 79872K, 18% used [0x00000000eb200000,0x00000000ec01f658,0x00000000f0000000)
  from space 512K, 0% used [0x00000000f0200000,0x00000000f0200000,0x00000000f0280000)
  to   space 1024K, 0% used [0x00000000f0080000,0x00000000f0080000,0x00000000f0180000)
 ParOldGen       total 321536K, used 173296K [0x00000000c1600000, 0x00000000d5000000, 0x00000000eb200000)
  object space 321536K, 53% used [0x00000000c1600000,0x00000000cbf3c038,0x00000000d5000000)
 Metaspace       used 10202K, capacity 10354K, committed 10496K, reserved 1058816K
  class space    used 1189K, capacity 1253K, committed 1280K, reserved 1048576K
GC Heap History (10 events):
Event: 3.747 GC heap before
{Heap before GC invocations=11 (full 3):
 PSYoungGen      total 35328K, used 33792K [0x00000000eb200000, 0x00000000eea00000, 0x0000000100000000)
  eden space 33792K, 100% used [0x00000000eb200000,0x00000000ed300000,0x00000000ed300000)
  from space 1536K, 0% used [0x00000000ed300000,0x00000000ed300000,0x00000000ed480000)
  to   space 1536K, 0% used [0x00000000ee880000,0x00000000ee880000,0x00000000eea00000)
 ParOldGen       total 203776K, used 103903K [0x00000000c1600000, 0x00000000cdd00000, 0x00000000eb200000)
  object space 203776K, 50% used [0x00000000c1600000,0x00000000c7b77e50,0x00000000cdd00000)
 Metaspace       used 8200K, capacity 8390K, committed 8576K, reserved 1056768K
  class space    used 945K, capacity 1027K, committed 1152K, reserved 1048576K
Event: 3.763 GC heap after
Heap after GC invocations=11 (full 3):
 PSYoungGen      total 54784K, used 224K [0x00000000eb200000, 0x00000000ee980000, 0x0000000100000000)
  eden space 53760K, 0% used [0x00000000eb200000,0x00000000eb200000,0x00000000ee680000)
  from space 1024K, 21% used [0x00000000ee880000,0x00000000ee8b8000,0x00000000ee980000)
  to   space 1536K, 0% used [0x00000000ee680000,0x00000000ee680000,0x00000000ee800000)
 ParOldGen       total 203776K, used 155888K [0x00000000c1600000, 0x00000000cdd00000, 0x00000000eb200000)
  object space 203776K, 76% used [0x00000000c1600000,0x00000000cae3c090,0x00000000cdd00000)
 Metaspace       used 8200K, capacity 8390K, committed 8576K, reserved 1056768K
  class space    used 945K, capacity 1027K, committed 1152K, reserved 1048576K
}
Event: 3.763 GC heap before
{Heap before GC invocations=12 (full 4):
 PSYoungGen      total 54784K, used 224K [0x00000000eb200000, 0x00000000ee980000, 0x0000000100000000)
  eden space 53760K, 0% used [0x00000000eb200000,0x00000000eb200000,0x00000000ee680000)
  from space 1024K, 21% used [0x00000000ee880000,0x00000000ee8b8000,0x00000000ee980000)
  to   space 1536K, 0% used [0x00000000ee680000,0x00000000ee680000,0x00000000ee800000)
 ParOldGen       total 203776K, used 155888K [0x00000000c1600000, 0x00000000cdd00000, 0x00000000eb200000)
  object space 203776K, 76% used [0x00000000c1600000,0x00000000cae3c090,0x00000000cdd00000)
 Metaspace       used 8200K, capacity 8390K, committed 8576K, reserved 1056768K
  class space    used 945K, capacity 1027K, committed 1152K, reserved 1048576K
Event: 3.773 GC heap after
Heap after GC invocations=12 (full 4):
 PSYoungGen      total 54784K, used 0K [0x00000000eb200000, 0x00000000ee980000, 0x0000000100000000)
  eden space 53760K, 0% used [0x00000000eb200000,0x00000000eb200000,0x00000000ee680000)
  from space 1024K, 0% used [0x00000000ee880000,0x00000000ee880000,0x00000000ee980000)
  to   space 1536K, 0% used [0x00000000ee680000,0x00000000ee680000,0x00000000ee800000)
 ParOldGen       total 248320K, used 121300K [0x00000000c1600000, 0x00000000d0880000, 0x00000000eb200000)
  object space 248320K, 48% used [0x00000000c1600000,0x00000000c8c753a0,0x00000000d0880000)
 Metaspace       used 8200K, capacity 8390K, committed 8576K, reserved 1056768K
  class space    used 945K, capacity 1027K, committed 1152K, reserved 1048576K
}
Event: 4.012 GC heap before
{Heap before GC invocations=13 (full 4):
 PSYoungGen      total 54784K, used 53760K [0x00000000eb200000, 0x00000000ee980000, 0x0000000100000000)
  eden space 53760K, 100% used [0x00000000eb200000,0x00000000ee680000,0x00000000ee680000)
  from space 1024K, 0% used [0x00000000ee880000,0x00000000ee880000,0x00000000ee980000)
  to   space 1536K, 0% used [0x00000000ee680000,0x00000000ee680000,0x00000000ee800000)
 ParOldGen       total 248320K, used 121300K [0x00000000c1600000, 0x00000000d0880000, 0x00000000eb200000)
  object space 248320K, 48% used [0x00000000c1600000,0x00000000c8c753a0,0x00000000d0880000)
 Metaspace       used 8205K, capacity 8390K, committed 8576K, reserved 1056768K
  class space    used 945K, capacity 1027K, committed 1152K, reserved 1048576K
Event: 4.536 GC heap after
Heap after GC invocations=13 (full 4):
 PSYoungGen      total 55296K, used 192K [0x00000000eb200000, 0x00000000f0300000, 0x0000000100000000)
  eden space 53760K, 0% used [0x00000000eb200000,0x00000000eb200000,0x00000000ee680000)
  from space 1536K, 12% used [0x00000000ee680000,0x00000000ee6b0000,0x00000000ee800000)
  to   space 1024K, 0% used [0x00000000f0200000,0x00000000f0200000,0x00000000f0300000)
 ParOldGen       total 248320K, used 173285K [0x00000000c1600000, 0x00000000d0880000, 0x00000000eb200000)
  object space 248320K, 69% used [0x00000000c1600000,0x00000000cbf395e0,0x00000000d0880000)
 Metaspace       used 8205K, capacity 8390K, committed 8576K, reserved 1056768K
  class space    used 945K, capacity 1027K, committed 1152K, reserved 1048576K
}
Event: 6.408 GC heap before
{Heap before GC invocations=14 (full 4):
 PSYoungGen      total 55296K, used 53952K [0x00000000eb200000, 0x00000000f0300000, 0x0000000100000000)
  eden space 53760K, 100% used [0x00000000eb200000,0x00000000ee680000,0x00000000ee680000)
  from space 1536K, 12% used [0x00000000ee680000,0x00000000ee6b0000,0x00000000ee800000)
  to   space 1024K, 0% used [0x00000000f0200000,0x00000000f0200000,0x00000000f0300000)
 ParOldGen       total 248320K, used 173285K [0x00000000c1600000, 0x00000000d0880000, 0x00000000eb200000)
  object space 248320K, 69% used [0x00000000c1600000,0x00000000cbf395e0,0x00000000d0880000)
 Metaspace       used 8305K, capacity 8454K, committed 8832K, reserved 1056768K
  class space    used 961K, capacity 1027K, committed 1152K, reserved 1048576K
Event: 6.439 GC heap after
Heap after GC invocations=14 (full 4):
 PSYoungGen      total 80384K, used 160K [0x00000000eb200000, 0x00000000f0280000, 0x0000000100000000)
  eden space 79872K, 0% used [0x00000000eb200000,0x00000000eb200000,0x00000000f0000000)
  from space 512K, 31% used [0x00000000f0200000,0x00000000f0228000,0x00000000f0280000)
  to   space 1024K, 0% used [0x00000000f0080000,0x00000000f0080000,0x00000000f0180000)
 ParOldGen       total 248320K, used 225270K [0x00000000c1600000, 0x00000000d0880000, 0x00000000eb200000)
  object space 248320K, 90% used [0x00000000c1600000,0x00000000cf1fd820,0x00000000d0880000)
 Metaspace       used 8305K, capacity 8454K, committed 8832K, reserved 1056768K
  class space    used 961K, capacity 1027K, committed 1152K, reserved 1048576K
}
Event: 6.439 GC heap before
{Heap before GC invocations=15 (full 5):
 PSYoungGen      total 80384K, used 160K [0x00000000eb200000, 0x00000000f0280000, 0x0000000100000000)
  eden space 79872K, 0% used [0x00000000eb200000,0x00000000eb200000,0x00000000f0000000)
  from space 512K, 31% used [0x00000000f0200000,0x00000000f0228000,0x00000000f0280000)
  to   space 1024K, 0% used [0x00000000f0080000,0x00000000f0080000,0x00000000f0180000)
 ParOldGen       total 248320K, used 225270K [0x00000000c1600000, 0x00000000d0880000, 0x00000000eb200000)
  object space 248320K, 90% used [0x00000000c1600000,0x00000000cf1fd820,0x00000000d0880000)
 Metaspace       used 8305K, capacity 8454K, committed 8832K, reserved 1056768K
  class space    used 961K, capacity 1027K, committed 1152K, reserved 1048576K
Event: 6.457 GC heap after
Heap after GC invocations=15 (full 5):
 PSYoungGen      total 80384K, used 0K [0x00000000eb200000, 0x00000000f0280000, 0x0000000100000000)
  eden space 79872K, 0% used [0x00000000eb200000,0x00000000eb200000,0x00000000f0000000)
  from space 512K, 0% used [0x00000000f0200000,0x00000000f0200000,0x00000000f0280000)
  to   space 1024K, 0% used [0x00000000f0080000,0x00000000f0080000,0x00000000f0180000)
 ParOldGen       total 321536K, used 173296K [0x00000000c1600000, 0x00000000d5000000, 0x00000000eb200000)
  object space 321536K, 53% used [0x00000000c1600000,0x00000000cbf3c038,0x00000000d5000000)
 Metaspace       used 8305K, capacity 8454K, committed 8832K, reserved 1056768K
  class space    used 961K, capacity 1027K, committed 1152K, reserved 1048576K
}

